<?xml version="1.0" encoding="UTF-8"?>
<beans xmlns="http://www.springframework.org/schema/beans"
xmlns:xsi="http://www.w3.org/2001/XMLSchema-instance"
xmlns:mvc="http://www.springframework.org/schema/mvc"
xmlns:tx="http://www.springframework.org/schema/tx"
xmlns:context="http://www.springframework.org/schema/context"
xsi:schemaLocation="http://www.springframework.org/schema/mvc http://www.springframework.org/schema/mvc/spring-mvc-4.1.xsd
                    http://www.springframework.org/schema/tx http://www.springframework.org/schema/tx/spring-tx-4.1.xsd     
                    http://www.springframework.org/schema/beans http://www.springframework.org/schema/beans/spring-beans-4.1.xsd
                    http://www.springframework.org/schema/context http://www.springframework.org/schema/context/spring-context-4.1.xsd">
   
   <context:component-scan base-package="com.bloodshare.controller,com.bloodshare.service,com.bloodshare.dao
   ,com.modules.sms.service">
   </context:component-scan>
   <mvc:annotation-driven enable-matrix-variables="true"/>
   <tx:annotation-driven/>
   
   
   
   
	<bean id="pgDataSource" class="org.apache.commons.dbcp.BasicDataSource" destroy-method="close">
		<property name="driverClassName" value="org.postgresql.Driver" />
		<property name="url"
			value="jdbc:postgresql://ec2-54-243-126-40.compute-1.amazonaws.com:5432/daf755fk5a6o78?sslmode=require&amp;ssl=true&amp;sslfactory=org.postgresql.ssl.NonValidatingFactory&amp;user=pkzqnwdmlguesu&amp;password=jNzMNNJfmakJnaxvJ_ECYWofhn" />
	</bean>
	
   
   <bean id="hibernate4AnnotatedSessionFactory" class="org.springframework.orm.hibernate4.LocalSessionFactoryBean">
		<property name="dataSource" ref="pgDataSource" />
		<property name="annotatedClasses">
			<list>
				<value>com.bloodshare.entity.Donor</value>
				<value>com.bloodshare.entity.DonorOtp</value>
			</list>
		</property>
		<property name="hibernateProperties">
			<props>
				<prop key="hibernate.temp.use_jdbc_metadata_defaults">false</prop>
				<prop key="hibernate.dialect">org.hibernate.dialect.PostgreSQL82Dialect</prop>
				<prop key="hibernate.show_sql">true</prop>
				<prop key="hibernate.hbm2ddl.auto" >update</prop>
			</props>
		</property>
	</bean>
   
   <bean id="transactionManager" class="org.springframework.orm.hibernate4.HibernateTransactionManager">
		<property name="sessionFactory" ref="hibernate4AnnotatedSessionFactory" /> 
	</bean>
</beans>